<?xml version="1.0" encoding="UTF-8"?>
<testsuite name="org.tsei.romanizer.service.RomanizerServiceTest" tests="1" skipped="0" failures="0" errors="0" timestamp="2024-01-28T17:17:13" hostname="A11414.local" time="0.019">
  <properties/>
  <testcase name="testRomanizerOneWord()" classname="org.tsei.romanizer.service.RomanizerServiceTest" time="0.019"/>
  <system-out><![CDATA[1.
Мыекъуапэ
Mǝeqvapэ

2.
къэлэ
qэlэ

3.
дах
daх

4.
Ти Мыекъуапэ къэлэ дах. Ар урам зэнкӀабзэхэмкӀэ зэтеутыгъэ. Ахэмэ чъыг сатыр дахэхэр атетых. Тыдэ уплъагъэми урамхэр къабзэх.
Ti Mǝeqvapэ qэlэ dax. Ar vram zэnⱪabzэxэmⱪэ zэtevtǝгэ. Axэmэ đǝg satǝr daxэxэr atetǝx. Tǝdэ vpłaгэmi vramxэr qabzэx.
]]></system-out>
  <system-err><![CDATA[]]></system-err>
</testsuite>
